<?xml version="1.0" encoding="UTF-8"?>
<!-- Generated by org.testng.reporters.JUnitReportReporter -->
<testsuite hostname="LAPTOP-N0TAQN7C" failures="0" tests="5" name="sauce.scenarios.testscripts.TestRunner" time="21.378" errors="0" timestamp="2024-01-21T22:36:47 GMT-05:00" skipped="0">
  <testcase classname="sauce.scenarios.testscripts.TestRunner" name="runScenario" time="2.850"/>
  <system-out/>
  <testcase classname="sauce.scenarios.testscripts.TestRunner" name="runScenario" time="6.041"/>
  <system-out/>
  <testcase classname="sauce.scenarios.testscripts.TestRunner" name="runScenario" time="3.936"/>
  <system-out/>
  <testcase classname="sauce.scenarios.testscripts.TestRunner" name="runScenario" time="3.707"/>
  <system-out/>
  <testcase classname="sauce.scenarios.testscripts.TestRunner" name="runScenario" time="4.844"/>
  <system-out/>
</testsuite> <!-- sauce.scenarios.testscripts.TestRunner -->
